<?xml version="1.0" encoding="UTF-8"?>
<testng-results skipped="0" failed="0" ignored="0" total="1" passed="1">
  <reporter-output>
  </reporter-output>
  <suite name="Default suite" duration-ms="6540" started-at="2022-01-26T12:43:30 IST" finished-at="2022-01-26T12:43:36 IST">
    <groups>
    </groups>
    <test name="Default test" duration-ms="6540" started-at="2022-01-26T12:43:30 IST" finished-at="2022-01-26T12:43:36 IST">
      <class name="com.w2a.testcases.CheckboxTest">
        <test-method status="PASS" signature="startBrowser()[pri:0, instance:com.w2a.testcases.CheckboxTest@3e77a1ed]" name="startBrowser" is-config="true" duration-ms="176" started-at="2022-01-26T12:43:29 IST" finished-at="2022-01-26T12:43:30 IST">
          <reporter-output>
          </reporter-output>
        </test-method> <!-- startBrowser -->
        <test-method status="PASS" signature="getBrowser()[pri:0, instance:com.w2a.testcases.CheckboxTest@3e77a1ed]" name="getBrowser" is-config="true" duration-ms="5294" started-at="2022-01-26T12:43:30 IST" finished-at="2022-01-26T12:43:35 IST">
          <reporter-output>
          </reporter-output>
        </test-method> <!-- getBrowser -->
        <test-method status="PASS" signature="testcase()[pri:0, instance:com.w2a.testcases.CheckboxTest@3e77a1ed]" name="testcase" duration-ms="174" started-at="2022-01-26T12:43:35 IST" finished-at="2022-01-26T12:43:35 IST">
          <reporter-output>
          </reporter-output>
        </test-method> <!-- testcase -->
        <test-method status="PASS" signature="Teardown()[pri:0, instance:com.w2a.testcases.CheckboxTest@3e77a1ed]" name="Teardown" is-config="true" duration-ms="1031" started-at="2022-01-26T12:43:35 IST" finished-at="2022-01-26T12:43:36 IST">
          <reporter-output>
          </reporter-output>
        </test-method> <!-- Teardown -->
        <test-method status="PASS" signature="closeBrowser()[pri:0, instance:com.w2a.testcases.CheckboxTest@3e77a1ed]" name="closeBrowser" is-config="true" duration-ms="2" started-at="2022-01-26T12:43:36 IST" finished-at="2022-01-26T12:43:36 IST">
          <reporter-output>
          </reporter-output>
        </test-method> <!-- closeBrowser -->
      </class> <!-- com.w2a.testcases.CheckboxTest -->
    </test> <!-- Default test -->
  </suite> <!-- Default suite -->
</testng-results>
